<?xml version="1.0" encoding="UTF-8"?>
<testsuite name="SILab2Test" tests="2" skipped="0" failures="0" errors="0" timestamp="2023-05-31T15:17:26" hostname="DESKTOP-HLQEGJJ" time="0.082">
  <properties/>
  <testcase name="everyBranch()" classname="SILab2Test" time="0.074"/>
  <testcase name="multipleConditions()" classname="SILab2Test" time="0.006"/>
  <system-out><![CDATA[]]></system-out>
  <system-err><![CDATA[]]></system-err>
</testsuite>
